 1002  mkdir ws5
 1003  ls
 1004  head 2019-08.csv
 1005  grep '[0-9]\.0,............................,............................,.\..,.\..,.\..,.,234\.0' 2019-08.csv | cut -d "," -f 9 | head 100
 1006  grep '[0-9]\.0,............................,............................,.\..,.\..,.\..,.,234\.0' 2019-08.csv | cut -d "," -f 9 | head -n 100
 1007  grep '[0-9]\.0,............................,............................,.\..,.\..,.\..,.,234\.0' 2019-08.csv | cut -d "," -f 9 | sort -nr | uniq -c | sort -nr | head 100
 1008  grep '[0-9]\.0,............................,............................,.\..,.\..,.\..,.,234\.0' 2019-08.csv | cut -d "," -f 9 | sort -nr | uniq -c | sort -nr | head -n 100
 1009  grep '[0-9]\.0,............................,............................,.\..,.\..,.\..,.,234\.0' 2019-08.csv | cut -d "," -f 9 | sort -nr | uniq | sort -nr | head -n 100
 1010  grep '[0-9]\.0,............................,............................,.\..,.\..,.\..,.,234\.0' 2019-08.csv | cut -d "," -f 9 | sort -nr | uniq | sort -nr | tail -n 100
 1011  grep '[0-9]\.0,............................,............................,.\..,.\..,.\..,.,234\.0' 2019-08.csv | cut -d "," -f 9 | sort -nr | uniq -c | sort -nr | head -n 100 > /ws5/ws5.txt
 1012  grep '[0-9]\.0,............................,............................,.\..,.\..,.\..,.,234\.0' 2019-08.csv | cut -d "," -f 9 | sort -nr | uniq -c | sort -nr | head -n 100 > ws5.txt
 1013  grep '[0-9]\.0,............................,............................,.\..,.\..,.\..,.,234\.0,1\.0' 2019-08.csv > 1.0.txt
 1014  head 1.0.txt
 1015  grep '[0-9]\.0,............................,............................,.\..,.\..,.\..,.,234\.0,3\.0' 2019-08.csv > 3.0.txt
 1016  grep '[0-9]\.0,............................,............................,.\..,.\..,.\..,.,234\.0,48\.0' 2019-08.csv > 48.0.txt
 1017  head 48.txt
 1018  head 48.0.txt
 1019  grep '[0-9]\.0,............................,............................,.\..,.\..,.\..,.,234\.0,223\.0' 2019-08.csv > 223.0.txt
 1020  head 223.0.txt
 1021  ls
 1022  echo "1.0.txt word count:" >> ws5.txt
 1023  wc -l 1.0.txt
 1024  wc -l 1.0.txt >> ws5.txt
 1025  echo "3.0.txt word count:" >> ws5.txt; wc -l 3.0.txt >> ws5.txt
 1026  echo "48.0.txt word count:" >> ws5.txt; wc -l 48.0.txt >> ws5.txt
 1027  echo "223.0.txt word count:" >> ws5.txt; wc -l 223.0.txt >> ws5.txt
 1028  head ws5.txt
 1029  vi ws5.txt
 1030  les ws5.txt
 1031  less ws5.txt
 1032  cd; cd cs131; ls
 1033  mkdir ws5
 1034  ls
 1035  mkdir do234
 1036  ls
 1037  rmdir do234; cd ws5; mkdir do234
 1038  ls
 1039  cd; cd taxidataset
 1040  cd; cd taxidata
 1041  ls
 1042  cd ws5
 1043  ls
 1044  cd ..
 1045  rmdir ws5
 1046  man mv
 1047  mv 1.0.txt /mnt/scratch/patricio23fa/cs131/ws5/do234/
 1048  mv 3.0.txt /mnt/scratch/patricio23fa/cs131/ws5/do234/
 1049  mv 48.0.txt /mnt/scratch/patricio23fa/cs131/ws5/do234/
 1050  mv 223.0.txt /mnt/scratch/patricio23fa/cs131/ws5/do234/
 1051  mv ws5.txt /mnt/scratch/patricio23fa/cs131/ws5/
 1052  ls
 1053  cd; cd cs131; cd ws5
 1054  ls
 1055  history | tail
 1056  history | tail -n 100 > cmds.log
